Change Component Footprint: Designator=J? Old Footprint=FP-22-28-4035-MFG New Footprint=FP-22-28-4035-MFG
Change Component Footprint: Designator=J? Old Footprint=FP-22-28-4035-MFG New Footprint=FP-22-28-4035-MFG
Change Component Footprint: Designator=J? Old Footprint=FP-22-28-4035-MFG New Footprint=FP-22-28-4035-MFG
Change Component Footprint: Designator=J? Old Footprint=FP-22-28-4035-MFG New Footprint=FP-22-28-4035-MFG
Change Component Footprint: Designator=J? Old Footprint=FP-22-28-4035-MFG New Footprint=FP-22-28-4035-MFG
Change Component Footprint: Designator=J? Old Footprint=FP-22-28-4035-MFG New Footprint=FP-22-28-4035-MFG
Change Component Footprint: Designator=J? Old Footprint=FP-22-28-4035-MFG New Footprint=FP-22-28-4035-MFG
Change Component Footprint: Designator=J? Old Footprint=FP-22-28-4035-MFG New Footprint=FP-22-28-4035-MFG
Change Component Footprint: Designator=J? Old Footprint=FP-22-28-4035-MFG New Footprint=FP-22-28-4035-MFG
Change Component Footprint: Designator=J? Old Footprint=FP-22-28-4035-MFG New Footprint=FP-22-28-4035-MFG
Change Component Footprint: Designator=J? Old Footprint=FP-22-28-4035-MFG New Footprint=FP-22-28-4035-MFG
Change Component Footprint: Designator=J? Old Footprint=FP-22-28-4035-MFG New Footprint=FP-22-28-4035-MFG
Added Member To Class: ClassName=MCU Member=Component C? 10n
Added Member To Class: ClassName=MCU Member=Component C? 100n
Added Member To Class: ClassName=MCU Member=Component C? 100n
Added Member To Class: ClassName=Motors Member=Component J? 22-28-4035
Added Member To Class: ClassName=Motors Member=Component J? 22-28-4035
Added Member To Class: ClassName=Motors Member=Component J? 22-28-4035
Added Member To Class: ClassName=Motors Member=Component J? 22-28-4035
Added Member To Class: ClassName=Motors Member=Component J? 22-28-4035
Added Member To Class: ClassName=Motors Member=Component J? 22-28-4035
Added Member To Class: ClassName=Motors Member=Component J? 22-28-4035
Added Member To Class: ClassName=Motors Member=Component J? B2B-XH-A(LF)(SN)
Added Member To Class: ClassName=Motors Member=Component J? 22-28-4035
Added Member To Class: ClassName=Motors Member=Component J? 22-28-4035
Added Member To Class: ClassName=Motors Member=Component J? 22-28-4035
Added Member To Class: ClassName=Motors Member=Component J? B2B-XH-A(LF)(SN)
Added Member To Class: ClassName=Motors Member=Component J? 22-28-4035
Added Member To Class: ClassName=MCU Member=Component R? 5K1
Added Member To Class: ClassName=MCU Member=Component R? 5K1
Added Member To Class: ClassName=MCU Member=Component R? 1M
Added Member To Class: ClassName=MCU Member=Component R? 5K1
Added Member To Class: ClassName=Motors Member=Component R? 5K1
Added Member To Class: ClassName=MCU Member=Component U? ESP32-S3-WROOM-1-N16R2
